\BOOKMARK [1][-]{section.1}{DNA}{}% 1
\BOOKMARK [2][-]{subsection.1.1}{Polarity}{section.1}% 2
\BOOKMARK [2][-]{subsection.1.2}{Chromosomes}{section.1}% 3
\BOOKMARK [2][-]{subsection.1.3}{Genes and Function}{section.1}% 4
\BOOKMARK [1][-]{section.2}{Heredity}{}% 5
\BOOKMARK [2][-]{subsection.2.1}{Meiosis}{section.2}% 6
\BOOKMARK [3][-]{subsubsection.2.1.1}{Meoisis I}{subsection.2.1}% 7
\BOOKMARK [3][-]{subsubsection.2.1.2}{Meoisis II}{subsection.2.1}% 8
\BOOKMARK [2][-]{subsection.2.2}{Recombination}{section.2}% 9
\BOOKMARK [1][-]{section.3}{Molecular Maps}{}% 10
\BOOKMARK [2][-]{subsection.3.1}{Markers}{section.3}% 11
\BOOKMARK [3][-]{subsubsection.3.1.1}{Tandem Repeats}{subsection.3.1}% 12
\BOOKMARK [3][-]{subsubsection.3.1.2}{Point Mutations}{subsection.3.1}% 13
\BOOKMARK [3][-]{subsubsection.3.1.3}{dbSNP}{subsection.3.1}% 14
\BOOKMARK [2][-]{subsection.3.2}{Linkage Maps}{section.3}% 15
\BOOKMARK [3][-]{subsubsection.3.2.1}{Physical Maps}{subsection.3.2}% 16
\BOOKMARK [3][-]{subsubsection.3.2.2}{Genetic Maps}{subsection.3.2}% 17
\BOOKMARK [1][-]{section.4}{Modes of Inheritance}{}% 18
\BOOKMARK [2][-]{subsection.4.1}{Mendel's Laws}{section.4}% 19
\BOOKMARK [3][-]{subsubsection.4.1.1}{Law of Segregation}{subsection.4.1}% 20
\BOOKMARK [3][-]{subsubsection.4.1.2}{Law of Independent Assortment}{subsection.4.1}% 21
\BOOKMARK [3][-]{subsubsection.4.1.3}{Law of Dominance}{subsection.4.1}% 22
\BOOKMARK [2][-]{subsection.4.2}{Mendel's Laws Revised}{section.4}% 23
\BOOKMARK [2][-]{subsection.4.3}{Pedigrees}{section.4}% 24
\BOOKMARK [2][-]{subsection.4.4}{Inheritance Models}{section.4}% 25
\BOOKMARK [3][-]{subsubsection.4.4.1}{Autosomal Dominant}{subsection.4.4}% 26
\BOOKMARK [3][-]{subsubsection.4.4.2}{Autosomal Recessive}{subsection.4.4}% 27
\BOOKMARK [3][-]{subsubsection.4.4.3}{X-linked Dominant}{subsection.4.4}% 28
\BOOKMARK [3][-]{subsubsection.4.4.4}{X-linked Recessive}{subsection.4.4}% 29
\BOOKMARK [1][-]{section.5}{Haploblocks}{}% 30
\BOOKMARK [1][-]{section.6}{Linkage Analysis and Haplotype Generation}{}% 31
\BOOKMARK [2][-]{subsection.6.1}{Theory of Linkage Analysis}{section.6}% 32
\BOOKMARK [3][-]{subsubsection.6.1.1}{Likelihood and LODs}{subsection.6.1}% 33
\BOOKMARK [2][-]{subsection.6.2}{Linkage Algorithms}{section.6}% 34
\BOOKMARK [3][-]{subsubsection.6.2.1}{Elston-Stewart}{subsection.6.2}% 35
\BOOKMARK [3][-]{subsubsection.6.2.2}{Lander-Green}{subsection.6.2}% 36
\BOOKMARK [3][-]{subsubsection.6.2.3}{Hidden Markov Models and Haplotype Reconstruction}{subsection.6.2}% 37
\BOOKMARK [3][-]{subsubsection.6.2.4}{Viterbi Algorithm}{subsection.6.2}% 38
\BOOKMARK [1][-]{section.7}{Summary}{}% 39
\BOOKMARK [1][-]{section.8}{Linkage Pipelines and Processing}{}% 40
\BOOKMARK [2][-]{subsection.8.1}{Input Data}{section.8}% 41
\BOOKMARK [3][-]{subsubsection.8.1.1}{Pedigree}{subsection.8.1}% 42
\BOOKMARK [3][-]{subsubsection.8.1.2}{Genotypes}{subsection.8.1}% 43
\BOOKMARK [3][-]{subsubsection.8.1.3}{Minor Allele Frequency \(maf.txt\)}{subsection.8.1}% 44
\BOOKMARK [2][-]{subsection.8.2}{Genotype Map and Linkage Map Creation \(map.txt\)}{section.8}% 45
\BOOKMARK [3][-]{subsubsection.8.2.1}{snpbutcher}{subsection.8.2}% 46
\BOOKMARK [1][-]{section.9}{Pre-Runtime Configuration}{}% 47
\BOOKMARK [2][-]{subsection.9.1}{Folder Conventions}{section.9}% 48
\BOOKMARK [2][-]{subsection.9.2}{Effective Filesystem Management}{section.9}% 49
\BOOKMARK [3][-]{subsubsection.9.2.1}{RAID Configuration}{subsection.9.2}% 50
\BOOKMARK [2][-]{subsection.9.3}{User Confirmation and Setup}{section.9}% 51
\BOOKMARK [1][-]{section.10}{Runtime Filtering}{}% 52
\BOOKMARK [2][-]{subsection.10.1}{autostage1.sh}{section.10}% 53
\BOOKMARK [3][-]{subsubsection.10.1.1}{Pedigree Check}{subsection.10.1}% 54
\BOOKMARK [3][-]{subsubsection.10.1.2}{Gender Check}{subsection.10.1}% 55
\BOOKMARK [3][-]{subsubsection.10.1.3}{Relationship Priming}{subsection.10.1}% 56
\BOOKMARK [3][-]{subsubsection.10.1.4}{Relationship Checking}{subsection.10.1}% 57
\BOOKMARK [2][-]{subsection.10.2}{autostage2.sh}{section.10}% 58
\BOOKMARK [3][-]{subsubsection.10.2.1}{Mendelian Inheritance Check}{subsection.10.2}% 59
\BOOKMARK [3][-]{subsubsection.10.2.2}{Preliminary Linkage Overview}{subsection.10.2}% 60
\BOOKMARK [2][-]{subsection.10.3}{autostage3.sh}{section.10}% 61
\BOOKMARK [1][-]{section.11}{Runtime Linkage}{}% 62
\BOOKMARK [2][-]{subsection.11.1}{Preliminary LOD estimation}{section.11}% 63
\BOOKMARK [2][-]{subsection.11.2}{Simwalk}{section.11}% 64
\BOOKMARK [2][-]{subsection.11.3}{GeneHunter}{section.11}% 65
\BOOKMARK [2][-]{subsection.11.4}{Allegro}{section.11}% 66
\BOOKMARK [1][-]{section.12}{Post-Linkage Processing}{}% 67
\BOOKMARK [1][-]{section.13}{Linkage Pipeline Limitations and Solutions}{}% 68
\BOOKMARK [2][-]{subsection.13.1}{Parallelization}{section.13}% 69
\BOOKMARK [2][-]{subsection.13.2}{Distribution}{section.13}% 70
\BOOKMARK [2][-]{subsection.13.3}{X-linkage}{section.13}% 71
\BOOKMARK [2][-]{subsection.13.4}{Large Pedigrees}{section.13}% 72
\BOOKMARK [3][-]{subsubsection.13.4.1}{GeneHunter}{subsection.13.4}% 73
\BOOKMARK [3][-]{subsubsection.13.4.2}{Allegro}{subsection.13.4}% 74
\BOOKMARK [1][-]{section.14}{Graphical Tools and Post Analysis Software}{}% 75
\BOOKMARK [2][-]{subsection.14.1}{Linkage Visualization}{section.14}% 76
\BOOKMARK [2][-]{subsection.14.2}{Haplotype Inspection and Rendering}{section.14}% 77
\BOOKMARK [3][-]{subsubsection.14.2.1}{HaploPainter}{subsection.14.2}% 78
\BOOKMARK [1][-]{section.15}{Program List}{}% 79
\BOOKMARK [1][-]{section.16}{Application Requirements}{}% 80
\BOOKMARK [1][-]{section.17}{Development Frameworks}{}% 81
\BOOKMARK [2][-]{subsection.17.1}{Programming Frameworks}{section.17}% 82
\BOOKMARK [3][-]{subsubsection.17.1.1}{Licensing and Access}{subsection.17.1}% 83
\BOOKMARK [3][-]{subsubsection.17.1.2}{Multi-Threading}{subsection.17.1}% 84
\BOOKMARK [3][-]{subsubsection.17.1.3}{Graphical Libraries}{subsection.17.1}% 85
\BOOKMARK [3][-]{subsubsection.17.1.4}{Application Programming Interface \(API\)}{subsection.17.1}% 86
\BOOKMARK [3][-]{subsubsection.17.1.5}{Portability and Performance}{subsection.17.1}% 87
\BOOKMARK [3][-]{subsubsection.17.1.6}{Programming Style}{subsection.17.1}% 88
\BOOKMARK [3][-]{subsubsection.17.1.7}{Type and String Handling}{subsection.17.1}% 89
\BOOKMARK [2][-]{subsection.17.2}{Conclusion of Programming Languages}{section.17}% 90
\BOOKMARK [2][-]{subsection.17.3}{A Case For Open Source}{section.17}% 91
\BOOKMARK [1][-]{section.18}{HTML5 and Javascript}{}% 92
\BOOKMARK [2][-]{subsection.18.1}{Javascript Overview}{section.18}% 93
\BOOKMARK [1][-]{section.19}{Javascript and Hardware-Accelerated Graphics}{}% 94
\BOOKMARK [2][-]{subsection.19.1}{WebGL Frameworks}{section.19}% 95
\BOOKMARK [3][-]{subsubsection.19.1.1}{Canvas \(pure\)}{subsection.19.1}% 96
\BOOKMARK [3][-]{subsubsection.19.1.2}{PIXI}{subsection.19.1}% 97
\BOOKMARK [3][-]{subsubsection.19.1.3}{jCanvas}{subsection.19.1}% 98
\BOOKMARK [3][-]{subsubsection.19.1.4}{KineticJS}{subsection.19.1}% 99
\BOOKMARK [1][-]{section.20}{Application Development}{}% 100
\BOOKMARK [2][-]{subsection.20.1}{Haploblock Resolution}{section.20}% 101
\BOOKMARK [2][-]{subsection.20.2}{Approaches}{section.20}% 102
\BOOKMARK [2][-]{subsection.20.3}{Neighbouring States}{section.20}% 103
\BOOKMARK [3][-]{subsubsection.20.3.1}{Theory}{subsection.20.3}% 104
\BOOKMARK [3][-]{subsubsection.20.3.2}{Implementation}{subsection.20.3}% 105
\BOOKMARK [3][-]{subsubsection.20.3.3}{Conclusions}{subsection.20.3}% 106
\BOOKMARK [2][-]{subsection.20.4}{Iterative Block Estimation}{section.20}% 107
\BOOKMARK [3][-]{subsubsection.20.4.1}{Theory and Implementation}{subsection.20.4}% 108
\BOOKMARK [3][-]{subsubsection.20.4.2}{Conclusions}{subsection.20.4}% 109
\BOOKMARK [2][-]{subsection.20.5}{Path Finding}{section.20}% 110
\BOOKMARK [3][-]{subsubsection.20.5.1}{Graph Traversal}{subsection.20.5}% 111
\BOOKMARK [3][-]{subsubsection.20.5.2}{Dijkstra's Algorithm}{subsection.20.5}% 112
\BOOKMARK [3][-]{subsubsection.20.5.3}{Application to Haploblock Resolution}{subsection.20.5}% 113
\BOOKMARK [1][-]{section.21}{A* Best-First}{}% 114
\BOOKMARK [2][-]{subsection.21.1}{Implementation}{section.21}% 115
\BOOKMARK [3][-]{subsubsection.21.1.1}{First Pass: Priming the Data}{subsection.21.1}% 116
\BOOKMARK [3][-]{subsubsection.21.1.2}{Second Pass: Path-finding Algorithm}{subsection.21.1}% 117
\BOOKMARK [2][-]{subsection.21.2}{Optimization}{section.21}% 118
\BOOKMARK [3][-]{subsubsection.21.2.1}{Prior Processing: Step Contraction}{subsection.21.2}% 119
\BOOKMARK [3][-]{subsubsection.21.2.2}{Runtime Processing}{subsection.21.2}% 120
\BOOKMARK [3][-]{subsubsection.21.2.3}{Post Processing: Pointer Cleanup}{subsection.21.2}% 121
\BOOKMARK [1][-]{section.22}{X-linked Inheritance}{}% 122
\BOOKMARK [2][-]{subsection.22.1}{Comparison with HaploPainter}{section.22}% 123
\BOOKMARK [1][-]{section.23}{Pedigree Rendering}{}% 124
\BOOKMARK [2][-]{subsection.23.1}{Populating and Structuring the Pedigree}{section.23}% 125
\BOOKMARK [3][-]{subsubsection.23.1.1}{Generational Grid Array}{subsection.23.1}% 126
\BOOKMARK [3][-]{subsubsection.23.1.2}{The Seperation of Graphics and Data}{subsection.23.1}% 127
\BOOKMARK [2][-]{subsection.23.2}{Determining Penetrance Model}{section.23}% 128
\BOOKMARK [3][-]{subsubsection.23.2.1}{Detecting X-linked}{subsection.23.2}% 129
\BOOKMARK [3][-]{subsubsection.23.2.2}{Detecting Dominant}{subsection.23.2}% 130
\BOOKMARK [2][-]{subsection.23.3}{Detecting Consanguinity}{section.23}% 131
\BOOKMARK [2][-]{subsection.23.4}{Line Management and Node Position Handling}{section.23}% 132
\BOOKMARK [2][-]{subsection.23.5}{Grid Snapping and Family Grouping}{section.23}% 133
\BOOKMARK [2][-]{subsection.23.6}{Sibling Level Balancing and Mate Swapping}{section.23}% 134
\BOOKMARK [2][-]{subsection.23.7}{Pedigree Creation \(PedCreate View\)}{section.23}% 135
\BOOKMARK [2][-]{subsection.23.8}{Selection Mode \(Selection View\)}{section.23}% 136
\BOOKMARK [2][-]{subsection.23.9}{Haplotype Navigation \(Haploblock View\)}{section.23}% 137
\BOOKMARK [2][-]{subsection.23.10}{Analysis Resumeability}{section.23}% 138
\BOOKMARK [1][-]{section.24}{Homology Tools}{}% 139
\BOOKMARK [1][-]{section.25}{Code Minification and Obfuscation}{}% 140
\BOOKMARK [1][-]{section.26}{Linkage Projects}{}% 141
\BOOKMARK [2][-]{subsection.26.1}{Small Pedigrees}{section.26}% 142
\BOOKMARK [3][-]{subsubsection.26.1.1}{3-bit Autosomal Recessive}{subsection.26.1}% 143
\BOOKMARK [3][-]{subsubsection.26.1.2}{5-bit Autosomal Recessive}{subsection.26.1}% 144
\BOOKMARK [3][-]{subsubsection.26.1.3}{7-bit and 9-bit Autosomal Dominant}{subsection.26.1}% 145
\BOOKMARK [3][-]{subsubsection.26.1.4}{15-bit X-Linked Dominant}{subsection.26.1}% 146
\BOOKMARK [3][-]{subsubsection.26.1.5}{18-bit Autosomal Recessive}{subsection.26.1}% 147
\BOOKMARK [2][-]{subsection.26.2}{Large Pedigrees}{section.26}% 148
\BOOKMARK [3][-]{subsubsection.26.2.1}{21-bit and 23-bit Autosomal Recessive Pedigree}{subsection.26.2}% 149
\BOOKMARK [3][-]{subsubsection.26.2.2}{29-bit Autosomal Recessive}{subsection.26.2}% 150
\BOOKMARK [1][-]{section.27}{Linkage Run Times}{}% 151
\BOOKMARK [2][-]{subsection.27.1}{Chromosome-Specific}{section.27}% 152
\BOOKMARK [2][-]{subsection.27.2}{Total Genomewide Singlecore vs Multicore}{section.27}% 153
\BOOKMARK [1][-]{section.28}{Haplotype Resolution Comparisons}{}% 154
\BOOKMARK [2][-]{subsection.28.1}{23-bit Autosomal Dominant}{section.28}% 155
\BOOKMARK [2][-]{subsection.28.2}{29-bit Autosomal Recessive}{section.28}% 156
\BOOKMARK [2][-]{subsection.28.3}{15-bit X-Linked Dominant}{section.28}% 157
